<?xml version="1.0" encoding="UTF-8"?>
<!-- Generated by org.testng.reporters.JUnitReportReporter -->
<testsuite hostname="LAPTOP-EG0KHS5L" failures="0" tests="3" name="com.tutorialsninja.qa.Test.RegisterTest" time="28.429" errors="0" timestamp="2023-01-25T19:05:37 IST" skipped="0">
  <testcase classname="com.tutorialsninja.qa.Test.RegisterTest" name="verifyRegisterAccountWithMandatoryFields" time="8.554"/>
  <system-out/>
  <testcase classname="com.tutorialsninja.qa.Test.RegisterTest" name="verifyRegisterAccountWithAllFields" time="9.102"/>
  <system-out/>
  <testcase classname="com.tutorialsninja.qa.Test.RegisterTest" name="verifyRegisterAccountwithoutprovidingdetails" time="10.773"/>
  <system-out/>
</testsuite> <!-- com.tutorialsninja.qa.Test.RegisterTest -->
