<?xml version="1.0" encoding="UTF-8"?>
<!-- Generated by org.testng.reporters.JUnitReportReporter -->
<testsuite hostname="LAPTOP-EG0KHS5L" failures="0" tests="7" name="com.tutorialsninja.qa.Test.LoginTest" time="60.526" errors="0" timestamp="2023-01-25T19:05:37 IST" skipped="0">
  <testcase classname="com.tutorialsninja.qa.Test.LoginTest" name="verifyMyLoginwithvalidcredentials" time="6.489"/>
  <system-out/>
  <testcase classname="com.tutorialsninja.qa.Test.LoginTest" name="verifyMyLoginwithvalidcredentials" time="8.013"/>
  <system-out/>
  <testcase classname="com.tutorialsninja.qa.Test.LoginTest" name="verifyMyLoginwithvalidcredentials" time="6.154"/>
  <system-out/>
  <testcase classname="com.tutorialsninja.qa.Test.LoginTest" name="verifyMyLoginwithInvalidcredentials" time="8.236"/>
  <system-out/>
  <testcase classname="com.tutorialsninja.qa.Test.LoginTest" name="verifyloginwithinvlalidEmailandvalidpassword" time="13.058"/>
  <system-out/>
  <testcase classname="com.tutorialsninja.qa.Test.LoginTest" name="verifyloginwithValidEmailandinvalidpassword" time="9.556"/>
  <system-out/>
  <testcase classname="com.tutorialsninja.qa.Test.LoginTest" name="verifyLoginWithoutCredentials" time="9.020"/>
  <system-out/>
</testsuite> <!-- com.tutorialsninja.qa.Test.LoginTest -->
