<?xml version="1.0" encoding="UTF-8"?>
<!-- Generated by org.testng.reporters.JUnitReportReporter -->
<testsuite hostname="LAPTOP-EG0KHS5L" failures="0" tests="2" name="com.tutorialsninja.qa.Test.SearchTest" time="16.197" errors="0" timestamp="2023-01-25T19:05:37 IST" skipped="0">
  <testcase classname="com.tutorialsninja.qa.Test.SearchTest" name="enterproductnameinsearchbox" time="7.180"/>
  <system-out/>
  <testcase classname="com.tutorialsninja.qa.Test.SearchTest" name="enterproductnamebutnotfound" time="9.017"/>
  <system-out/>
</testsuite> <!-- com.tutorialsninja.qa.Test.SearchTest -->
